# previous(CameraX)/app/build/intermediates/manifest_merge_blame_file/debug/manifest-merger-blame-debug-report.txt
1<?xml version="1.0" encoding="utf-8"?>
2<manifest xmlns:android="http://schemas.android.com/apk/res/android"
3    package="com.google.mlkit.vision.demo"
4    android:installLocation="auto"
5    android:versionCode="11"
6    android:versionName="1.11" >
7    <!--
8 CameraX libraries require minSdkVersion 21, while this quickstart app
9    supports low to 16. Needs to use overrideLibrary to make the merger tool
10    ignore this conflict and import the libraries while keeping the app's lower
11    minSdkVersion value. In code, will check SDK version, before calling CameraX
12    APIs.
13    -->
14    <uses-sdk
14-->src\main\AndroidManifest.xml:12:5-15:63
15        android:minSdkVersion="16"
15-->src\main\AndroidManifest.xml:12:5-15:63
16        android:targetSdkVersion="29" />
16-->src\main\AndroidManifest.xml:12:5-15:63
17
18    <uses-feature android:name="android.hardware.camera" />
18-->src\main\AndroidManifest.xml:17:5-59
18-->src\main\AndroidManifest.xml:17:19-57
19
20    <uses-permission android:name="android.permission.INTERNET" />
20-->src\main\AndroidManifest.xml:19:5-66
20-->src\main\AndroidManifest.xml:19:22-64
21    <uses-permission android:name="android.permission.WRITE_EXTERNAL_STORAGE" />
21-->src\main\AndroidManifest.xml:20:5-80
21-->src\main\AndroidManifest.xml:20:22-78
22    <uses-permission android:name="android.permission.READ_EXTERNAL_STORAGE" />
22-->src\main\AndroidManifest.xml:21:5-79
22-->src\main\AndroidManifest.xml:21:22-77
23    <uses-permission android:name="android.permission.CAMERA" />
23-->src\main\AndroidManifest.xml:22:5-64
23-->src\main\AndroidManifest.xml:22:22-62
24
25    <queries>
25-->src\main\AndroidManifest.xml:57:5-61:15
26        <intent>
26-->src\main\AndroidManifest.xml:58:9-60:18
27            <action android:name="android.media.action.IMAGE_CAPTURE" />
27-->src\main\AndroidManifest.xml:59:13-73
27-->src\main\AndroidManifest.xml:59:21-70
28        </intent>
29    </queries>
30
31    <!-- Although the *SdkVersion is captured in gradle build files, this is required for non gradle builds -->
32    <!-- <uses-sdk android:minSdkVersion="14"/> -->
33    <uses-permission android:name="android.permission.ACCESS_NETWORK_STATE" />
33-->[com.google.android.datatransport:transport-backend-cct:2.3.3] AndroidManifest.xml:25:5-79
33-->[com.google.android.datatransport:transport-backend-cct:2.3.3] AndroidManifest.xml:25:22-76
34
35    <application
35-->src\main\AndroidManifest.xml:24:5-56:19
36        android:name="androidx.multidex.MultiDexApplication"
36-->src\main\AndroidManifest.xml:25:9-61
37        android:appComponentFactory="androidx.core.app.CoreComponentFactory"
37-->[androidx.core:core:1.3.1] AndroidManifest.xml:24:18-86
38        android:debuggable="true"
39        android:icon="@drawable/logo_mlkit"
39-->src\main\AndroidManifest.xml:26:9-44
40        android:label="@string/app_name"
40-->src\main\AndroidManifest.xml:27:9-41
41        android:requestLegacyExternalStorage="true"
41-->src\main\AndroidManifest.xml:29:9-52
42        android:testOnly="true"
43        android:theme="@style/Theme.AppCompat" >
43-->src\main\AndroidManifest.xml:28:9-47
44        <meta-data
44-->src\main\AndroidManifest.xml:31:9-33:68
45            android:name="com.google.android.gms.version"
45-->src\main\AndroidManifest.xml:32:13-58
46            android:value="@integer/google_play_services_version" />
46-->src\main\AndroidManifest.xml:33:13-66
47
48        <!--
49          Optional: Add it to automatically download ML model to device after
50          your app is installed.
51        -->
52        <meta-data
52-->src\main\AndroidManifest.xml:37:9-39:51
53            android:name="com.google.mlkit.vision.DEPENDENCIES"
53-->src\main\AndroidManifest.xml:38:13-64
54            android:value="barcode,face,ocr,ica" />
54-->src\main\AndroidManifest.xml:39:13-49
55
56        <activity
56-->src\main\AndroidManifest.xml:41:9-48:20
57            android:name="com.google.mlkit.vision.demo.java.ChooserActivity"
57-->src\main\AndroidManifest.xml:42:13-49
58            android:exported="true" >
58-->src\main\AndroidManifest.xml:43:13-36
59            <intent-filter>
59-->src\main\AndroidManifest.xml:44:13-47:29
60                <action android:name="android.intent.action.MAIN" />
60-->src\main\AndroidManifest.xml:45:17-68
60-->src\main\AndroidManifest.xml:45:25-66
61
62                <category android:name="android.intent.category.LAUNCHER" />
62-->src\main\AndroidManifest.xml:46:17-76
62-->src\main\AndroidManifest.xml:46:27-74
63            </intent-filter>
64        </activity>
65        <activity
65-->src\main\AndroidManifest.xml:50:9-54:20
66            android:name="com.google.mlkit.vision.demo.java.CameraXLivePreviewActivity"
66-->src\main\AndroidManifest.xml:51:13-60
67            android:exported="true"
67-->src\main\AndroidManifest.xml:52:13-36
68            android:theme="@style/AppTheme" >
68-->src\main\AndroidManifest.xml:53:13-44
69        </activity>
70
71        <service
71-->[com.google.mlkit:object-detection:16.2.6] AndroidManifest.xml:8:9-14:19
72            android:name="com.google.mlkit.common.internal.MlKitComponentDiscoveryService"
72-->[com.google.mlkit:object-detection:16.2.6] AndroidManifest.xml:9:13-91
73            android:directBootAware="true"
73-->[com.google.mlkit:common:17.3.0] AndroidManifest.xml:17:13-43
74            android:exported="false" >
74-->[com.google.mlkit:object-detection:16.2.6] AndroidManifest.xml:10:13-37
75            <meta-data
75-->[com.google.mlkit:object-detection:16.2.6] AndroidManifest.xml:11:13-13:85
76                android:name="com.google.firebase.components:com.google.mlkit.vision.objects.defaults.internal.DefaultObjectsRegistrar"
76-->[com.google.mlkit:object-detection:16.2.6] AndroidManifest.xml:12:17-136
77                android:value="com.google.firebase.components.ComponentRegistrar" />
77-->[com.google.mlkit:object-detection:16.2.6] AndroidManifest.xml:13:17-82
78            <meta-data
78-->[com.google.mlkit:object-detection-custom:16.3.3] AndroidManifest.xml:11:13-13:85
79                android:name="com.google.firebase.components:com.google.mlkit.vision.objects.custom.internal.CustomObjectsRegistrar"
79-->[com.google.mlkit:object-detection-custom:16.3.3] AndroidManifest.xml:12:17-133
80                android:value="com.google.firebase.components.ComponentRegistrar" />
80-->[com.google.mlkit:object-detection-custom:16.3.3] AndroidManifest.xml:13:17-82
81            <meta-data
81-->[com.google.mlkit:image-labeling:17.0.5] AndroidManifest.xml:11:13-13:85
82                android:name="com.google.firebase.components:com.google.mlkit.vision.label.defaults.internal.BundledLabelRegistrar"
82-->[com.google.mlkit:image-labeling:17.0.5] AndroidManifest.xml:12:17-132
83                android:value="com.google.firebase.components.ComponentRegistrar" />
83-->[com.google.mlkit:image-labeling:17.0.5] AndroidManifest.xml:13:17-82
84            <meta-data
84-->[com.google.mlkit:image-labeling-custom:16.3.1] AndroidManifest.xml:11:13-13:85
85                android:name="com.google.firebase.components:com.google.mlkit.vision.label.custom.internal.CustomLabelRegistrar"
85-->[com.google.mlkit:image-labeling-custom:16.3.1] AndroidManifest.xml:12:17-129
86                android:value="com.google.firebase.components.ComponentRegistrar" />
86-->[com.google.mlkit:image-labeling-custom:16.3.1] AndroidManifest.xml:13:17-82
87            <meta-data
87-->[com.google.mlkit:segmentation-selfie:16.0.0-beta2] AndroidManifest.xml:12:13-14:85
88                android:name="com.google.firebase.components:com.google.mlkit.vision.segmentation.internal.SegmentationRegistrar"
88-->[com.google.mlkit:segmentation-selfie:16.0.0-beta2] AndroidManifest.xml:13:17-130
89                android:value="com.google.firebase.components.ComponentRegistrar" />
89-->[com.google.mlkit:segmentation-selfie:16.0.0-beta2] AndroidManifest.xml:14:17-82
90            <meta-data
90-->[com.google.android.gms:play-services-mlkit-barcode-scanning:16.2.1] AndroidManifest.xml:12:13-14:85
91                android:name="com.google.firebase.components:com.google.mlkit.vision.barcode.internal.BarcodeRegistrar"
91-->[com.google.android.gms:play-services-mlkit-barcode-scanning:16.2.1] AndroidManifest.xml:13:17-120
92                android:value="com.google.firebase.components.ComponentRegistrar" />
92-->[com.google.android.gms:play-services-mlkit-barcode-scanning:16.2.1] AndroidManifest.xml:14:17-82
93            <meta-data
93-->[com.google.mlkit:vision-internal-vkp:18.1.1] AndroidManifest.xml:11:13-13:85
94                android:name="com.google.firebase.components:com.google.mlkit.vision.vkp.VkpRegistrar"
94-->[com.google.mlkit:vision-internal-vkp:18.1.1] AndroidManifest.xml:12:17-103
95                android:value="com.google.firebase.components.ComponentRegistrar" />
95-->[com.google.mlkit:vision-internal-vkp:18.1.1] AndroidManifest.xml:13:17-82
96            <meta-data
96-->[com.google.android.gms:play-services-mlkit-face-detection:16.2.0] AndroidManifest.xml:12:13-14:85
97                android:name="com.google.firebase.components:com.google.mlkit.vision.face.internal.FaceRegistrar"
97-->[com.google.android.gms:play-services-mlkit-face-detection:16.2.0] AndroidManifest.xml:13:17-114
98                android:value="com.google.firebase.components.ComponentRegistrar" />
98-->[com.google.android.gms:play-services-mlkit-face-detection:16.2.0] AndroidManifest.xml:14:17-82
99            <meta-data
99-->[com.google.android.gms:play-services-mlkit-text-recognition-common:16.0.0] AndroidManifest.xml:12:13-14:85
100                android:name="com.google.firebase.components:com.google.mlkit.vision.text.internal.TextRegistrar"
100-->[com.google.android.gms:play-services-mlkit-text-recognition-common:16.0.0] AndroidManifest.xml:13:17-114
101                android:value="com.google.firebase.components.ComponentRegistrar" />
101-->[com.google.android.gms:play-services-mlkit-text-recognition-common:16.0.0] AndroidManifest.xml:14:17-82
102            <meta-data
102-->[com.google.mlkit:pose-detection-common:17.1.0-beta4] AndroidManifest.xml:11:13-13:85
103                android:name="com.google.firebase.components:com.google.mlkit.vision.pose.internal.PoseRegistrar"
103-->[com.google.mlkit:pose-detection-common:17.1.0-beta4] AndroidManifest.xml:12:17-114
104                android:value="com.google.firebase.components.ComponentRegistrar" />
104-->[com.google.mlkit:pose-detection-common:17.1.0-beta4] AndroidManifest.xml:13:17-82
105            <meta-data
105-->[com.google.mlkit:vision-common:16.5.0] AndroidManifest.xml:12:13-14:85
106                android:name="com.google.firebase.components:com.google.mlkit.vision.common.internal.VisionCommonRegistrar"
106-->[com.google.mlkit:vision-common:16.5.0] AndroidManifest.xml:13:17-124
107                android:value="com.google.firebase.components.ComponentRegistrar" />
107-->[com.google.mlkit:vision-common:16.5.0] AndroidManifest.xml:14:17-82
108            <meta-data
108-->[com.google.mlkit:common:17.3.0] AndroidManifest.xml:20:13-22:85
109                android:name="com.google.firebase.components:com.google.mlkit.common.internal.CommonComponentRegistrar"
109-->[com.google.mlkit:common:17.3.0] AndroidManifest.xml:21:17-120
110                android:value="com.google.firebase.components.ComponentRegistrar" />
110-->[com.google.mlkit:common:17.3.0] AndroidManifest.xml:22:17-82
111        </service>
112
113        <provider
113-->[com.google.mlkit:common:17.3.0] AndroidManifest.xml:9:9-13:38
114            android:name="com.google.mlkit.common.internal.MlKitInitProvider"
114-->[com.google.mlkit:common:17.3.0] AndroidManifest.xml:10:13-78
115            android:authorities="com.google.mlkit.vision.demo.mlkitinitprovider"
115-->[com.google.mlkit:common:17.3.0] AndroidManifest.xml:11:13-69
116            android:exported="false"
116-->[com.google.mlkit:common:17.3.0] AndroidManifest.xml:12:13-37
117            android:initOrder="99" />
117-->[com.google.mlkit:common:17.3.0] AndroidManifest.xml:13:13-35
118
119        <activity
119-->[com.google.android.gms:play-services-base:17.6.0] AndroidManifest.xml:23:9-26:75
120            android:name="com.google.android.gms.common.api.GoogleApiActivity"
120-->[com.google.android.gms:play-services-base:17.6.0] AndroidManifest.xml:24:13-79
121            android:exported="false"
121-->[com.google.android.gms:play-services-base:17.6.0] AndroidManifest.xml:25:13-37
122            android:theme="@android:style/Theme.Translucent.NoTitleBar" />
122-->[com.google.android.gms:play-services-base:17.6.0] AndroidManifest.xml:26:13-72
123
124        <service
124-->[com.google.android.datatransport:transport-backend-cct:2.3.3] AndroidManifest.xml:29:9-35:19
125            android:name="com.google.android.datatransport.runtime.backends.TransportBackendDiscovery"
125-->[com.google.android.datatransport:transport-backend-cct:2.3.3] AndroidManifest.xml:30:13-103
126            android:exported="false" >
126-->[com.google.android.datatransport:transport-backend-cct:2.3.3] AndroidManifest.xml:31:13-37
127            <meta-data
127-->[com.google.android.datatransport:transport-backend-cct:2.3.3] AndroidManifest.xml:32:13-34:39
128                android:name="backend:com.google.android.datatransport.cct.CctBackendFactory"
128-->[com.google.android.datatransport:transport-backend-cct:2.3.3] AndroidManifest.xml:33:17-94
129                android:value="cct" />
129-->[com.google.android.datatransport:transport-backend-cct:2.3.3] AndroidManifest.xml:34:17-36
130        </service>
131        <service
131-->[com.google.android.datatransport:transport-runtime:2.2.6] AndroidManifest.xml:26:9-30:19
132            android:name="com.google.android.datatransport.runtime.scheduling.jobscheduling.JobInfoSchedulerService"
132-->[com.google.android.datatransport:transport-runtime:2.2.6] AndroidManifest.xml:27:13-117
133            android:exported="false"
133-->[com.google.android.datatransport:transport-runtime:2.2.6] AndroidManifest.xml:28:13-37
134            android:permission="android.permission.BIND_JOB_SERVICE" >
134-->[com.google.android.datatransport:transport-runtime:2.2.6] AndroidManifest.xml:29:13-69
135        </service>
136
137        <receiver
137-->[com.google.android.datatransport:transport-runtime:2.2.6] AndroidManifest.xml:32:9-34:40
138            android:name="com.google.android.datatransport.runtime.scheduling.jobscheduling.AlarmManagerSchedulerBroadcastReceiver"
138-->[com.google.android.datatransport:transport-runtime:2.2.6] AndroidManifest.xml:33:13-132
139            android:exported="false" />
139-->[com.google.android.datatransport:transport-runtime:2.2.6] AndroidManifest.xml:34:13-37
140
141        <provider
141-->[androidx.lifecycle:lifecycle-process:2.1.0] AndroidManifest.xml:23:9-27:43
142            android:name="androidx.lifecycle.ProcessLifecycleOwnerInitializer"
142-->[androidx.lifecycle:lifecycle-process:2.1.0] AndroidManifest.xml:24:13-79
143            android:authorities="com.google.mlkit.vision.demo.lifecycle-process"
143-->[androidx.lifecycle:lifecycle-process:2.1.0] AndroidManifest.xml:25:13-69
144            android:exported="false"
144-->[androidx.lifecycle:lifecycle-process:2.1.0] AndroidManifest.xml:26:13-37
145            android:multiprocess="true" />
145-->[androidx.lifecycle:lifecycle-process:2.1.0] AndroidManifest.xml:27:13-40
146    </application>
147
148</manifest>